<?xml version="1.0" encoding="UTF-8"?>
<testsuites name="TS03_MyInfo_UIValidation" time="59.871" tests="3" failures="0" errors="0">
   <testsuite name="TS03_MyInfo_UIValidation" tests="3" failures="0" errors="0" time="59.871" skipped="0" timestamp="20-05-2025T22:49:31" hostname="asus - LAPTOP-LNPAQTKK" id="Test Suites/OrangeHRM/OrangeHRM Test Suites/TS03_MyInfo_UIValidation">
      <properties>
         <property name="deviceName" value=""/>
         <property name="devicePlatform"/>
         <property name="logFolder" value="C:\\Users\\asus\\OneDrive - Telkom University\\Documents\\GitHub\\katalon-certification-project\\Reports\\20250520_224924\\OrangeHRM\\OrangeHRM Test Suites\\TS03_MyInfo_UIValidation\\20250520_224925"/>
         <property name="logFiles" value="C:\\Users\\asus\\OneDrive - Telkom University\\Documents\\GitHub\\katalon-certification-project\\Reports\\20250520_224924\\OrangeHRM\\OrangeHRM Test Suites\\TS03_MyInfo_UIValidation\\20250520_224925\\execution0.log"/>
         <property name="attachments" value=""/>
         <property name="hostName" value="asus - LAPTOP-LNPAQTKK"/>
         <property name="os" value="Windows 11 64bit"/>
         <property name="katalonVersion" value="10.1.0.223"/>
         <property name="browser" value="Chrome 136.0.7103.114"/>
         <property name="hostAddress" value="192.168.100.8"/>
         <property name="sessionId" value="1fa1d90ddf63ea3f441756237d4e7141"/>
         <property name="seleniumVersion" value="4.22.0"/>
         <property name="proxyInformation" value="ProxyInformation { proxyOption=NO_PROXY, proxyServerType=HTTP, username=, password=********, proxyServerAddress=, proxyServerPort=0, executionList=&quot;&quot;, isApplyToDesiredCapabilities=true }"/>
         <property name="platform" value="Windows 11"/>
      </properties>
      <testcase name="Test Cases/OrangeHRM/My Info/TC01_MyInfo_ElementsVisible" time="30.717" classname="Test Cases/OrangeHRM/My Info/TC01_MyInfo_ElementsVisible" status="PASSED">
         <system-out><![CDATA[20-05-2025T22:49:31 - [TEST_CASE][PASSED] - Test Cases/OrangeHRM/My Info/TC01_MyInfo_ElementsVisible: Test Cases/OrangeHRM/My Info/TC01_MyInfo_ElementsVisible

20-05-2025T22:49:32 - [TEST_STEP][PASSED] - openBrowser(""): Browser is opened with url: ''

20-05-2025T22:49:32 - [MESSAGE][INFO] - Starting 'Chrome' driver

20-05-2025T22:49:32 - [MESSAGE][INFO] - Action delay is set to 0 milliseconds

20-05-2025T22:49:35 - [MESSAGE][PASSED] - Browser is opened with url: ''

20-05-2025T22:49:35 - [TEST_STEP][PASSED] - navigateToUrl("https://opensource-demo.orangehrmlive.com/web/index.php/auth/login"): Navigate to 'https://opensource-demo.orangehrmlive.com/web/index.php/auth/login' successfully

20-05-2025T22:49:48 - [MESSAGE][PASSED] - Navigate to 'https://opensource-demo.orangehrmlive.com/web/index.php/auth/login' successfully

20-05-2025T22:49:48 - [TEST_STEP][PASSED] - setText(findTestObject("Object Repository/Page_OrangeHRM/input_Username_username"), "Admin"): Text 'Admin' is set on object 'Object Repository/Page_OrangeHRM/input_Username_username'

20-05-2025T22:49:50 - [MESSAGE][PASSED] - Text 'Admin' is set on object 'Object Repository/Page_OrangeHRM/input_Username_username'

20-05-2025T22:49:50 - [TEST_STEP][PASSED] - setEncryptedText(findTestObject("Object Repository/Page_OrangeHRM/input_Password_password"), "hUKwJTbofgPU9eVlw/CnDQ=="): Text ****** has been set on object 'Object Repository/Page_OrangeHRM/input_Password_password'

20-05-2025T22:49:51 - [MESSAGE][PASSED] - Text ****** has been set on object 'Object Repository/Page_OrangeHRM/input_Password_password'

20-05-2025T22:49:51 - [TEST_STEP][PASSED] - sendKeys(findTestObject("Object Repository/Page_OrangeHRM/input_Password_password"), Keys.chord(ENTER)): Keys 'ENTER + ' sent to object: 'Object Repository/Page_OrangeHRM/input_Password_password'

20-05-2025T22:49:51 - [MESSAGE][PASSED] - Keys 'ENTER + ' sent to object: 'Object Repository/Page_OrangeHRM/input_Password_password'

20-05-2025T22:49:51 - [TEST_STEP][PASSED] - click(findTestObject("Object Repository/Page_OrangeHRM/a_My Info")): Object: 'Object Repository/Page_OrangeHRM/a_My Info' is clicked on

20-05-2025T22:49:58 - [MESSAGE][PASSED] - Object: 'Object Repository/Page_OrangeHRM/a_My Info' is clicked on

20-05-2025T22:49:58 - [TEST_STEP][PASSED] - verifyElementVisible(findTestObject("Object Repository/Page_OrangeHRM/h6_Personal Details")): Object 'Object Repository/Page_OrangeHRM/h6_Personal Details' is visible

20-05-2025T22:50:01 - [MESSAGE][PASSED] - Object 'Object Repository/Page_OrangeHRM/h6_Personal Details' is visible

20-05-2025T22:50:01 - [TEST_STEP][PASSED] - verifyElementVisible(findTestObject("Object Repository/Page_OrangeHRM/h6_d LastNameTest")): Object 'Object Repository/Page_OrangeHRM/h6_d LastNameTest' is visible

20-05-2025T22:50:02 - [MESSAGE][PASSED] - Object 'Object Repository/Page_OrangeHRM/h6_d LastNameTest' is visible

20-05-2025T22:50:02 - [TEST_STEP][PASSED] - closeBrowser(): Browser is closed

20-05-2025T22:50:02 - [MESSAGE][PASSED] - Browser is closed]]></system-out>
         <system-err><![CDATA[]]></system-err>
      </testcase>
      <testcase name="Test Cases/OrangeHRM/My Info/TC02_Profile_AboutModalLoad" time="13.053" classname="Test Cases/OrangeHRM/My Info/TC02_Profile_AboutModalLoad" status="PASSED">
         <system-out><![CDATA[20-05-2025T22:50:02 - [TEST_CASE][PASSED] - Test Cases/OrangeHRM/My Info/TC02_Profile_AboutModalLoad: Test Cases/OrangeHRM/My Info/TC02_Profile_AboutModalLoad

20-05-2025T22:50:02 - [TEST_STEP][PASSED] - callTestCase(findTestCase("OrangeHRM/Authentication/TC01_Login_ValidCredentials"), [:], STOP_ON_FAILURE): Call Test Case 'Test Cases/OrangeHRM/Authentication/TC01_Login_ValidCredentials' successfully

20-05-2025T22:50:02 - [TEST_CASE][PASSED] - Test Cases/OrangeHRM/Authentication/TC01_Login_ValidCredentials: Test Cases/OrangeHRM/Authentication/TC01_Login_ValidCredentials

20-05-2025T22:50:03 - [TEST_STEP][PASSED] - openBrowser(""): Browser is opened with url: ''

20-05-2025T22:50:03 - [MESSAGE][INFO] - Starting 'Chrome' driver

20-05-2025T22:50:03 - [MESSAGE][INFO] - Action delay is set to 0 milliseconds

20-05-2025T22:50:04 - [MESSAGE][PASSED] - Browser is opened with url: ''

20-05-2025T22:50:04 - [TEST_STEP][PASSED] - navigateToUrl(URL): Navigate to 'https://opensource-demo.orangehrmlive.com/' successfully

20-05-2025T22:50:08 - [MESSAGE][PASSED] - Navigate to 'https://opensource-demo.orangehrmlive.com/' successfully

20-05-2025T22:50:08 - [TEST_STEP][PASSED] - setText(findTestObject("Page_OrangeHRM/input_Username_username"), username): Text 'Admin' is set on object 'Object Repository/Page_OrangeHRM/input_Username_username'

20-05-2025T22:50:09 - [MESSAGE][PASSED] - Text 'Admin' is set on object 'Object Repository/Page_OrangeHRM/input_Username_username'

20-05-2025T22:50:09 - [TEST_STEP][PASSED] - setEncryptedText(findTestObject("Page_OrangeHRM/input_Password_password"), password): Text ****** has been set on object 'Object Repository/Page_OrangeHRM/input_Password_password'

20-05-2025T22:50:09 - [MESSAGE][PASSED] - Text ****** has been set on object 'Object Repository/Page_OrangeHRM/input_Password_password'

20-05-2025T22:50:09 - [TEST_STEP][PASSED] - click(findTestObject("Page_OrangeHRM/button_Login")): Object: 'Object Repository/Page_OrangeHRM/button_Login' is clicked on

20-05-2025T22:50:10 - [MESSAGE][PASSED] - Object: 'Object Repository/Page_OrangeHRM/button_Login' is clicked on

20-05-2025T22:50:10 - [TEST_STEP][PASSED] - verifyElementText(findTestObject("Object Repository/Page_OrangeHRM/h6_Dashboard"), "Dashboard"): Actual text and expected text of test object 'Object Repository/Page_OrangeHRM/h6_Dashboard' are matched.

20-05-2025T22:50:13 - [MESSAGE][PASSED] - Actual text and expected text of test object 'Object Repository/Page_OrangeHRM/h6_Dashboard' are matched.

20-05-2025T22:50:13 - [MESSAGE][PASSED] - Call Test Case 'Test Cases/OrangeHRM/Authentication/TC01_Login_ValidCredentials' successfully

20-05-2025T22:50:13 - [TEST_STEP][PASSED] - click(findTestObject("Object Repository/Page_OrangeHRM/span_Admin User")): Object: 'Object Repository/Page_OrangeHRM/span_Admin User' is clicked on

20-05-2025T22:50:13 - [MESSAGE][PASSED] - Object: 'Object Repository/Page_OrangeHRM/span_Admin User' is clicked on

20-05-2025T22:50:13 - [TEST_STEP][PASSED] - click(findTestObject("Object Repository/Page_OrangeHRM/a_About")): Object: 'Object Repository/Page_OrangeHRM/a_About' is clicked on

20-05-2025T22:50:14 - [MESSAGE][PASSED] - Object: 'Object Repository/Page_OrangeHRM/a_About' is clicked on

20-05-2025T22:50:14 - [TEST_STEP][PASSED] - verifyElementVisible(findTestObject("Object Repository/Page_OrangeHRM/h6_About")): Object 'Object Repository/Page_OrangeHRM/h6_About' is visible

20-05-2025T22:50:15 - [MESSAGE][PASSED] - Object 'Object Repository/Page_OrangeHRM/h6_About' is visible

20-05-2025T22:50:15 - [TEST_STEP][PASSED] - closeBrowser(): Browser is closed

20-05-2025T22:50:15 - [MESSAGE][PASSED] - Browser is closed]]></system-out>
         <system-err><![CDATA[]]></system-err>
      </testcase>
      <testcase name="Test Cases/OrangeHRM/My Info/TC03_ChangePassword_PageLoad" time="15.771" classname="Test Cases/OrangeHRM/My Info/TC03_ChangePassword_PageLoad" status="PASSED">
         <system-out><![CDATA[20-05-2025T22:50:15 - [TEST_CASE][PASSED] - Test Cases/OrangeHRM/My Info/TC03_ChangePassword_PageLoad: Test Cases/OrangeHRM/My Info/TC03_ChangePassword_PageLoad

20-05-2025T22:50:15 - [TEST_STEP][PASSED] - callTestCase(findTestCase("OrangeHRM/Authentication/TC01_Login_ValidCredentials"), [:], STOP_ON_FAILURE): Call Test Case 'Test Cases/OrangeHRM/Authentication/TC01_Login_ValidCredentials' successfully

20-05-2025T22:50:15 - [TEST_CASE][PASSED] - Test Cases/OrangeHRM/Authentication/TC01_Login_ValidCredentials: Test Cases/OrangeHRM/Authentication/TC01_Login_ValidCredentials

20-05-2025T22:50:15 - [TEST_STEP][PASSED] - openBrowser(""): Browser is opened with url: ''

20-05-2025T22:50:15 - [MESSAGE][INFO] - Starting 'Chrome' driver

20-05-2025T22:50:15 - [MESSAGE][INFO] - Action delay is set to 0 milliseconds

20-05-2025T22:50:16 - [MESSAGE][PASSED] - Browser is opened with url: ''

20-05-2025T22:50:16 - [TEST_STEP][PASSED] - navigateToUrl(URL): Navigate to 'https://opensource-demo.orangehrmlive.com/' successfully

20-05-2025T22:50:20 - [MESSAGE][PASSED] - Navigate to 'https://opensource-demo.orangehrmlive.com/' successfully

20-05-2025T22:50:20 - [TEST_STEP][PASSED] - setText(findTestObject("Page_OrangeHRM/input_Username_username"), username): Text 'Admin' is set on object 'Object Repository/Page_OrangeHRM/input_Username_username'

20-05-2025T22:50:22 - [MESSAGE][PASSED] - Text 'Admin' is set on object 'Object Repository/Page_OrangeHRM/input_Username_username'

20-05-2025T22:50:22 - [TEST_STEP][PASSED] - setEncryptedText(findTestObject("Page_OrangeHRM/input_Password_password"), password): Text ****** has been set on object 'Object Repository/Page_OrangeHRM/input_Password_password'

20-05-2025T22:50:22 - [MESSAGE][PASSED] - Text ****** has been set on object 'Object Repository/Page_OrangeHRM/input_Password_password'

20-05-2025T22:50:22 - [TEST_STEP][PASSED] - click(findTestObject("Page_OrangeHRM/button_Login")): Object: 'Object Repository/Page_OrangeHRM/button_Login' is clicked on

20-05-2025T22:50:22 - [MESSAGE][PASSED] - Object: 'Object Repository/Page_OrangeHRM/button_Login' is clicked on

20-05-2025T22:50:22 - [TEST_STEP][PASSED] - verifyElementText(findTestObject("Object Repository/Page_OrangeHRM/h6_Dashboard"), "Dashboard"): Actual text and expected text of test object 'Object Repository/Page_OrangeHRM/h6_Dashboard' are matched.

20-05-2025T22:50:26 - [MESSAGE][PASSED] - Actual text and expected text of test object 'Object Repository/Page_OrangeHRM/h6_Dashboard' are matched.

20-05-2025T22:50:26 - [MESSAGE][PASSED] - Call Test Case 'Test Cases/OrangeHRM/Authentication/TC01_Login_ValidCredentials' successfully

20-05-2025T22:50:26 - [TEST_STEP][PASSED] - click(findTestObject("Object Repository/Page_OrangeHRM/p_ahmed User")): Object: 'Object Repository/Page_OrangeHRM/p_ahmed User' is clicked on

20-05-2025T22:50:26 - [MESSAGE][PASSED] - Object: 'Object Repository/Page_OrangeHRM/p_ahmed User' is clicked on

20-05-2025T22:50:26 - [TEST_STEP][PASSED] - click(findTestObject("Object Repository/Page_OrangeHRM/a_Change Password")): Object: 'Object Repository/Page_OrangeHRM/a_Change Password' is clicked on

20-05-2025T22:50:28 - [MESSAGE][PASSED] - Object: 'Object Repository/Page_OrangeHRM/a_Change Password' is clicked on

20-05-2025T22:50:28 - [TEST_STEP][PASSED] - verifyElementVisible(findTestObject("Object Repository/Page_OrangeHRM/h6_Update Password")): Object 'Object Repository/Page_OrangeHRM/h6_Update Password' is visible

20-05-2025T22:50:29 - [MESSAGE][PASSED] - Object 'Object Repository/Page_OrangeHRM/h6_Update Password' is visible

20-05-2025T22:50:29 - [TEST_STEP][PASSED] - verifyElementVisible(findTestObject("Object Repository/Page_OrangeHRM/label_Username")): Object 'Object Repository/Page_OrangeHRM/label_Username' is visible

20-05-2025T22:50:30 - [MESSAGE][PASSED] - Object 'Object Repository/Page_OrangeHRM/label_Username' is visible

20-05-2025T22:50:30 - [TEST_STEP][PASSED] - verifyElementVisible(findTestObject("Object Repository/Page_OrangeHRM/label_Current Password")): Object 'Object Repository/Page_OrangeHRM/label_Current Password' is visible

20-05-2025T22:50:30 - [MESSAGE][PASSED] - Object 'Object Repository/Page_OrangeHRM/label_Current Password' is visible

20-05-2025T22:50:30 - [TEST_STEP][PASSED] - verifyElementVisible(findTestObject("Object Repository/Page_OrangeHRM/label_Password")): Object 'Object Repository/Page_OrangeHRM/label_Password' is visible

20-05-2025T22:50:30 - [MESSAGE][PASSED] - Object 'Object Repository/Page_OrangeHRM/label_Password' is visible

20-05-2025T22:50:30 - [TEST_STEP][PASSED] - verifyElementVisible(findTestObject("Object Repository/Page_OrangeHRM/label_Confirm Password")): Object 'Object Repository/Page_OrangeHRM/label_Confirm Password' is visible

20-05-2025T22:50:31 - [MESSAGE][PASSED] - Object 'Object Repository/Page_OrangeHRM/label_Confirm Password' is visible

20-05-2025T22:50:31 - [TEST_STEP][PASSED] - closeBrowser(): Browser is closed

20-05-2025T22:50:31 - [MESSAGE][PASSED] - Browser is closed]]></system-out>
         <system-err><![CDATA[]]></system-err>
      </testcase>
      <system-out><![CDATA[20-05-2025T22:49:31 - [TEST_SUITE][PASSED] - TS03_MyInfo_UIValidation: Test Cases/OrangeHRM/My Info/TC03_ChangePassword_PageLoad]]></system-out>
      <system-err><![CDATA[]]></system-err>
   </testsuite>
</testsuites>
